TN:
SF:src\config\sidebar.mjs
FNF:0
FNH:0
DA:3,0
LF:1
LH:0
BRF:0
BRH:0
end_of_record
TN:
SF:src\config\site.mjs
FN:19,(anonymous_0)
FNF:1
FNH:1
FNDA:1,(anonymous_0)
DA:13,1
DA:16,1
DA:19,1
DA:20,1
DA:21,1
LF:5
LH:5
BRDA:13,0,0,1
BRDA:13,0,1,1
BRDA:21,1,0,1
BRDA:21,1,1,0
BRF:4
BRH:3
end_of_record
TN:
SF:src\lib\site.ts
FN:57,(anonymous_0)
FN:58,(anonymous_1)
FNF:2
FNH:2
FNDA:5,(anonymous_0)
FNDA:2,(anonymous_1)
DA:4,1
DA:28,1
DA:33,1
DA:48,1
DA:56,1
DA:57,5
DA:58,2
LF:7
LH:7
BRDA:57,0,0,5
BRDA:57,0,1,5
BRDA:57,0,2,3
BRDA:58,1,0,2
BRDA:58,1,1,0
BRF:5
BRH:4
end_of_record
TN:
SF:src\lib\utils.ts
FN:4,cn
FN:16,withBase
FNF:2
FNH:1
FNDA:0,cn
FNDA:7,withBase
DA:5,0
DA:17,7
DA:18,7
DA:19,6
DA:20,3
LF:5
LH:4
BRDA:17,0,0,7
BRDA:17,0,1,0
BRDA:18,1,0,1
BRDA:18,1,1,6
BRDA:18,2,0,7
BRDA:18,2,1,7
BRDA:19,3,0,3
BRDA:19,3,1,3
BRDA:19,4,0,6
BRDA:19,4,1,5
BRDA:20,5,0,2
BRDA:20,5,1,1
BRF:12
BRH:11
end_of_record
